Added Component: Designator=J2(1755794)
Add component (AddParameter): Name = "Arrow Part Number"; Value = "1755794"; VariantName = "[No Variations]"
Add component (AddParameter): Name = "Arrow Price/Stock"; Value = "https://www.arrow.com/en/products/1755794/phoenix-contact?utm_currency=USD&region=nac"; VariantName = "[No Variations]"
Add component (AddParameter): Name = "Datasheet Link"; Value = "http://www.phoenixcontact.com/de/produkte/1755794/pdf"; VariantName = "[No Variations]"
Add component (AddParameter): Name = "Height"; Value = "12.15mm"; VariantName = "[No Variations]"
Add component (AddParameter): Name = "Manufacturer_Name"; Value = "Phoenix Contact"; VariantName = "[No Variations]"
Add component (AddParameter): Name = "Manufacturer_Part_Number"; Value = "1755794"; VariantName = "[No Variations]"
Add component (AddParameter): Name = "Mouser Part Number"; Value = "651-1755794"; VariantName = "[No Variations]"
Add component (AddParameter): Name = "Mouser Price/Stock"; Value = "https://www.mouser.co.uk/ProductDetail/Phoenix-Contact/1755794?qs=wd%252Bw3mUqFrk%2FIOZ4HDo8lg%3D%3D"; VariantName = "[No Variations]"
Added Component: Designator=J3(1755794)
Add component (AddParameter): Name = "Arrow Part Number"; Value = "1755794"; VariantName = "[No Variations]"
Add component (AddParameter): Name = "Arrow Price/Stock"; Value = "https://www.arrow.com/en/products/1755794/phoenix-contact?utm_currency=USD&region=nac"; VariantName = "[No Variations]"
Add component (AddParameter): Name = "Datasheet Link"; Value = "http://www.phoenixcontact.com/de/produkte/1755794/pdf"; VariantName = "[No Variations]"
Add component (AddParameter): Name = "Height"; Value = "12.15mm"; VariantName = "[No Variations]"
Add component (AddParameter): Name = "Manufacturer_Name"; Value = "Phoenix Contact"; VariantName = "[No Variations]"
Add component (AddParameter): Name = "Manufacturer_Part_Number"; Value = "1755794"; VariantName = "[No Variations]"
Add component (AddParameter): Name = "Mouser Part Number"; Value = "651-1755794"; VariantName = "[No Variations]"
Add component (AddParameter): Name = "Mouser Price/Stock"; Value = "https://www.mouser.co.uk/ProductDetail/Phoenix-Contact/1755794?qs=wd%252Bw3mUqFrk%2FIOZ4HDo8lg%3D%3D"; VariantName = "[No Variations]"
Added Component: Designator=J4(1755794)
Add component (AddParameter): Name = "Arrow Part Number"; Value = "1755794"; VariantName = "[No Variations]"
Add component (AddParameter): Name = "Arrow Price/Stock"; Value = "https://www.arrow.com/en/products/1755794/phoenix-contact?utm_currency=USD&region=nac"; VariantName = "[No Variations]"
Add component (AddParameter): Name = "Datasheet Link"; Value = "http://www.phoenixcontact.com/de/produkte/1755794/pdf"; VariantName = "[No Variations]"
Add component (AddParameter): Name = "Height"; Value = "12.15mm"; VariantName = "[No Variations]"
Add component (AddParameter): Name = "Manufacturer_Name"; Value = "Phoenix Contact"; VariantName = "[No Variations]"
Add component (AddParameter): Name = "Manufacturer_Part_Number"; Value = "1755794"; VariantName = "[No Variations]"
Add component (AddParameter): Name = "Mouser Part Number"; Value = "651-1755794"; VariantName = "[No Variations]"
Add component (AddParameter): Name = "Mouser Price/Stock"; Value = "https://www.mouser.co.uk/ProductDetail/Phoenix-Contact/1755794?qs=wd%252Bw3mUqFrk%2FIOZ4HDo8lg%3D%3D"; VariantName = "[No Variations]"
Added Component: Designator=J5(1755794)
Add component (AddParameter): Name = "Arrow Part Number"; Value = "1755794"; VariantName = "[No Variations]"
Add component (AddParameter): Name = "Arrow Price/Stock"; Value = "https://www.arrow.com/en/products/1755794/phoenix-contact?utm_currency=USD&region=nac"; VariantName = "[No Variations]"
Add component (AddParameter): Name = "Datasheet Link"; Value = "http://www.phoenixcontact.com/de/produkte/1755794/pdf"; VariantName = "[No Variations]"
Add component (AddParameter): Name = "Height"; Value = "12.15mm"; VariantName = "[No Variations]"
Add component (AddParameter): Name = "Manufacturer_Name"; Value = "Phoenix Contact"; VariantName = "[No Variations]"
Add component (AddParameter): Name = "Manufacturer_Part_Number"; Value = "1755794"; VariantName = "[No Variations]"
Add component (AddParameter): Name = "Mouser Part Number"; Value = "651-1755794"; VariantName = "[No Variations]"
Add component (AddParameter): Name = "Mouser Price/Stock"; Value = "https://www.mouser.co.uk/ProductDetail/Phoenix-Contact/1755794?qs=wd%252Bw3mUqFrk%2FIOZ4HDo8lg%3D%3D"; VariantName = "[No Variations]"
Added Component: Designator=J6(1755794)
Add component (AddParameter): Name = "Arrow Part Number"; Value = "1755794"; VariantName = "[No Variations]"
Add component (AddParameter): Name = "Arrow Price/Stock"; Value = "https://www.arrow.com/en/products/1755794/phoenix-contact?utm_currency=USD&region=nac"; VariantName = "[No Variations]"
Add component (AddParameter): Name = "Datasheet Link"; Value = "http://www.phoenixcontact.com/de/produkte/1755794/pdf"; VariantName = "[No Variations]"
Add component (AddParameter): Name = "Height"; Value = "12.15mm"; VariantName = "[No Variations]"
Add component (AddParameter): Name = "Manufacturer_Name"; Value = "Phoenix Contact"; VariantName = "[No Variations]"
Add component (AddParameter): Name = "Manufacturer_Part_Number"; Value = "1755794"; VariantName = "[No Variations]"
Add component (AddParameter): Name = "Mouser Part Number"; Value = "651-1755794"; VariantName = "[No Variations]"
Add component (AddParameter): Name = "Mouser Price/Stock"; Value = "https://www.mouser.co.uk/ProductDetail/Phoenix-Contact/1755794?qs=wd%252Bw3mUqFrk%2FIOZ4HDo8lg%3D%3D"; VariantName = "[No Variations]"
Added Component: Designator=J7(1755794)
Add component (AddParameter): Name = "Arrow Part Number"; Value = "1755794"; VariantName = "[No Variations]"
Add component (AddParameter): Name = "Arrow Price/Stock"; Value = "https://www.arrow.com/en/products/1755794/phoenix-contact?utm_currency=USD&region=nac"; VariantName = "[No Variations]"
Add component (AddParameter): Name = "Datasheet Link"; Value = "http://www.phoenixcontact.com/de/produkte/1755794/pdf"; VariantName = "[No Variations]"
Add component (AddParameter): Name = "Height"; Value = "12.15mm"; VariantName = "[No Variations]"
Add component (AddParameter): Name = "Manufacturer_Name"; Value = "Phoenix Contact"; VariantName = "[No Variations]"
Add component (AddParameter): Name = "Manufacturer_Part_Number"; Value = "1755794"; VariantName = "[No Variations]"
Add component (AddParameter): Name = "Mouser Part Number"; Value = "651-1755794"; VariantName = "[No Variations]"
Add component (AddParameter): Name = "Mouser Price/Stock"; Value = "https://www.mouser.co.uk/ProductDetail/Phoenix-Contact/1755794?qs=wd%252Bw3mUqFrk%2FIOZ4HDo8lg%3D%3D"; VariantName = "[No Variations]"
Added Component: Designator=J8(1755794)
Add component (AddParameter): Name = "Arrow Part Number"; Value = "1755794"; VariantName = "[No Variations]"
Add component (AddParameter): Name = "Arrow Price/Stock"; Value = "https://www.arrow.com/en/products/1755794/phoenix-contact?utm_currency=USD&region=nac"; VariantName = "[No Variations]"
Add component (AddParameter): Name = "Datasheet Link"; Value = "http://www.phoenixcontact.com/de/produkte/1755794/pdf"; VariantName = "[No Variations]"
Add component (AddParameter): Name = "Height"; Value = "12.15mm"; VariantName = "[No Variations]"
Add component (AddParameter): Name = "Manufacturer_Name"; Value = "Phoenix Contact"; VariantName = "[No Variations]"
Add component (AddParameter): Name = "Manufacturer_Part_Number"; Value = "1755794"; VariantName = "[No Variations]"
Add component (AddParameter): Name = "Mouser Part Number"; Value = "651-1755794"; VariantName = "[No Variations]"
Add component (AddParameter): Name = "Mouser Price/Stock"; Value = "https://www.mouser.co.uk/ProductDetail/Phoenix-Contact/1755794?qs=wd%252Bw3mUqFrk%2FIOZ4HDo8lg%3D%3D"; VariantName = "[No Variations]"
Added Component: Designator=J9(1755794)
Add component (AddParameter): Name = "Arrow Part Number"; Value = "1755794"; VariantName = "[No Variations]"
Add component (AddParameter): Name = "Arrow Price/Stock"; Value = "https://www.arrow.com/en/products/1755794/phoenix-contact?utm_currency=USD&region=nac"; VariantName = "[No Variations]"
Add component (AddParameter): Name = "Datasheet Link"; Value = "http://www.phoenixcontact.com/de/produkte/1755794/pdf"; VariantName = "[No Variations]"
Add component (AddParameter): Name = "Height"; Value = "12.15mm"; VariantName = "[No Variations]"
Add component (AddParameter): Name = "Manufacturer_Name"; Value = "Phoenix Contact"; VariantName = "[No Variations]"
Add component (AddParameter): Name = "Manufacturer_Part_Number"; Value = "1755794"; VariantName = "[No Variations]"
Add component (AddParameter): Name = "Mouser Part Number"; Value = "651-1755794"; VariantName = "[No Variations]"
Add component (AddParameter): Name = "Mouser Price/Stock"; Value = "https://www.mouser.co.uk/ProductDetail/Phoenix-Contact/1755794?qs=wd%252Bw3mUqFrk%2FIOZ4HDo8lg%3D%3D"; VariantName = "[No Variations]"
Added Component: Designator=J10(1755794)
Add component (AddParameter): Name = "Arrow Part Number"; Value = "1755794"; VariantName = "[No Variations]"
Add component (AddParameter): Name = "Arrow Price/Stock"; Value = "https://www.arrow.com/en/products/1755794/phoenix-contact?utm_currency=USD&region=nac"; VariantName = "[No Variations]"
Add component (AddParameter): Name = "Datasheet Link"; Value = "http://www.phoenixcontact.com/de/produkte/1755794/pdf"; VariantName = "[No Variations]"
Add component (AddParameter): Name = "Height"; Value = "12.15mm"; VariantName = "[No Variations]"
Add component (AddParameter): Name = "Manufacturer_Name"; Value = "Phoenix Contact"; VariantName = "[No Variations]"
Add component (AddParameter): Name = "Manufacturer_Part_Number"; Value = "1755794"; VariantName = "[No Variations]"
Add component (AddParameter): Name = "Mouser Part Number"; Value = "651-1755794"; VariantName = "[No Variations]"
Add component (AddParameter): Name = "Mouser Price/Stock"; Value = "https://www.mouser.co.uk/ProductDetail/Phoenix-Contact/1755794?qs=wd%252Bw3mUqFrk%2FIOZ4HDo8lg%3D%3D"; VariantName = "[No Variations]"
Added Component: Designator=J11(1755794)
Add component (AddParameter): Name = "Arrow Part Number"; Value = "1755794"; VariantName = "[No Variations]"
Add component (AddParameter): Name = "Arrow Price/Stock"; Value = "https://www.arrow.com/en/products/1755794/phoenix-contact?utm_currency=USD&region=nac"; VariantName = "[No Variations]"
Add component (AddParameter): Name = "Datasheet Link"; Value = "http://www.phoenixcontact.com/de/produkte/1755794/pdf"; VariantName = "[No Variations]"
Add component (AddParameter): Name = "Height"; Value = "12.15mm"; VariantName = "[No Variations]"
Add component (AddParameter): Name = "Manufacturer_Name"; Value = "Phoenix Contact"; VariantName = "[No Variations]"
Add component (AddParameter): Name = "Manufacturer_Part_Number"; Value = "1755794"; VariantName = "[No Variations]"
Add component (AddParameter): Name = "Mouser Part Number"; Value = "651-1755794"; VariantName = "[No Variations]"
Add component (AddParameter): Name = "Mouser Price/Stock"; Value = "https://www.mouser.co.uk/ProductDetail/Phoenix-Contact/1755794?qs=wd%252Bw3mUqFrk%2FIOZ4HDo8lg%3D%3D"; VariantName = "[No Variations]"
Added Component: Designator=J12(1755794)
Add component (AddParameter): Name = "Arrow Part Number"; Value = "1755794"; VariantName = "[No Variations]"
Add component (AddParameter): Name = "Arrow Price/Stock"; Value = "https://www.arrow.com/en/products/1755794/phoenix-contact?utm_currency=USD&region=nac"; VariantName = "[No Variations]"
Add component (AddParameter): Name = "Datasheet Link"; Value = "http://www.phoenixcontact.com/de/produkte/1755794/pdf"; VariantName = "[No Variations]"
Add component (AddParameter): Name = "Height"; Value = "12.15mm"; VariantName = "[No Variations]"
Add component (AddParameter): Name = "Manufacturer_Name"; Value = "Phoenix Contact"; VariantName = "[No Variations]"
Add component (AddParameter): Name = "Manufacturer_Part_Number"; Value = "1755794"; VariantName = "[No Variations]"
Add component (AddParameter): Name = "Mouser Part Number"; Value = "651-1755794"; VariantName = "[No Variations]"
Add component (AddParameter): Name = "Mouser Price/Stock"; Value = "https://www.mouser.co.uk/ProductDetail/Phoenix-Contact/1755794?qs=wd%252Bw3mUqFrk%2FIOZ4HDo8lg%3D%3D"; VariantName = "[No Variations]"
Added Component: Designator=J13_Raspberry Pi Power Supply1(1755794)
Add component (AddParameter): Name = "Arrow Part Number"; Value = "1755794"; VariantName = "[No Variations]"
Add component (AddParameter): Name = "Arrow Price/Stock"; Value = "https://www.arrow.com/en/products/1755794/phoenix-contact?utm_currency=USD&region=nac"; VariantName = "[No Variations]"
Add component (AddParameter): Name = "Datasheet Link"; Value = "http://www.phoenixcontact.com/de/produkte/1755794/pdf"; VariantName = "[No Variations]"
Add component (AddParameter): Name = "Height"; Value = "12.15mm"; VariantName = "[No Variations]"
Add component (AddParameter): Name = "Manufacturer_Name"; Value = "Phoenix Contact"; VariantName = "[No Variations]"
Add component (AddParameter): Name = "Manufacturer_Part_Number"; Value = "1755794"; VariantName = "[No Variations]"
Add component (AddParameter): Name = "Mouser Part Number"; Value = "651-1755794"; VariantName = "[No Variations]"
Add component (AddParameter): Name = "Mouser Price/Stock"; Value = "https://www.mouser.co.uk/ProductDetail/Phoenix-Contact/1755794?qs=wd%252Bw3mUqFrk%2FIOZ4HDo8lg%3D%3D"; VariantName = "[No Variations]"
Added Component: Designator=J13_Raspberry Pi Power Supply2(1755794)
Add component (AddParameter): Name = "Arrow Part Number"; Value = "1755794"; VariantName = "[No Variations]"
Add component (AddParameter): Name = "Arrow Price/Stock"; Value = "https://www.arrow.com/en/products/1755794/phoenix-contact?utm_currency=USD&region=nac"; VariantName = "[No Variations]"
Add component (AddParameter): Name = "Datasheet Link"; Value = "http://www.phoenixcontact.com/de/produkte/1755794/pdf"; VariantName = "[No Variations]"
Add component (AddParameter): Name = "Height"; Value = "12.15mm"; VariantName = "[No Variations]"
Add component (AddParameter): Name = "Manufacturer_Name"; Value = "Phoenix Contact"; VariantName = "[No Variations]"
Add component (AddParameter): Name = "Manufacturer_Part_Number"; Value = "1755794"; VariantName = "[No Variations]"
Add component (AddParameter): Name = "Mouser Part Number"; Value = "651-1755794"; VariantName = "[No Variations]"
Add component (AddParameter): Name = "Mouser Price/Stock"; Value = "https://www.mouser.co.uk/ProductDetail/Phoenix-Contact/1755794?qs=wd%252Bw3mUqFrk%2FIOZ4HDo8lg%3D%3D"; VariantName = "[No Variations]"
Added Component: Designator=J13_Raspberry Pi Power Supply3(1755794)
Add component (AddParameter): Name = "Arrow Part Number"; Value = "1755794"; VariantName = "[No Variations]"
Add component (AddParameter): Name = "Arrow Price/Stock"; Value = "https://www.arrow.com/en/products/1755794/phoenix-contact?utm_currency=USD&region=nac"; VariantName = "[No Variations]"
Add component (AddParameter): Name = "Datasheet Link"; Value = "http://www.phoenixcontact.com/de/produkte/1755794/pdf"; VariantName = "[No Variations]"
Add component (AddParameter): Name = "Height"; Value = "12.15mm"; VariantName = "[No Variations]"
Add component (AddParameter): Name = "Manufacturer_Name"; Value = "Phoenix Contact"; VariantName = "[No Variations]"
Add component (AddParameter): Name = "Manufacturer_Part_Number"; Value = "1755794"; VariantName = "[No Variations]"
Add component (AddParameter): Name = "Mouser Part Number"; Value = "651-1755794"; VariantName = "[No Variations]"
Add component (AddParameter): Name = "Mouser Price/Stock"; Value = "https://www.mouser.co.uk/ProductDetail/Phoenix-Contact/1755794?qs=wd%252Bw3mUqFrk%2FIOZ4HDo8lg%3D%3D"; VariantName = "[No Variations]"
Added Component: Designator=J13_Raspberry Pi Power Supply4(1755794)
Add component (AddParameter): Name = "Arrow Part Number"; Value = "1755794"; VariantName = "[No Variations]"
Add component (AddParameter): Name = "Arrow Price/Stock"; Value = "https://www.arrow.com/en/products/1755794/phoenix-contact?utm_currency=USD&region=nac"; VariantName = "[No Variations]"
Add component (AddParameter): Name = "Datasheet Link"; Value = "http://www.phoenixcontact.com/de/produkte/1755794/pdf"; VariantName = "[No Variations]"
Add component (AddParameter): Name = "Height"; Value = "12.15mm"; VariantName = "[No Variations]"
Add component (AddParameter): Name = "Manufacturer_Name"; Value = "Phoenix Contact"; VariantName = "[No Variations]"
Add component (AddParameter): Name = "Manufacturer_Part_Number"; Value = "1755794"; VariantName = "[No Variations]"
Add component (AddParameter): Name = "Mouser Part Number"; Value = "651-1755794"; VariantName = "[No Variations]"
Add component (AddParameter): Name = "Mouser Price/Stock"; Value = "https://www.mouser.co.uk/ProductDetail/Phoenix-Contact/1755794?qs=wd%252Bw3mUqFrk%2FIOZ4HDo8lg%3D%3D"; VariantName = "[No Variations]"
Added Component: Designator=J13_Raspberry Pi Power Supply5(1755794)
Add component (AddParameter): Name = "Arrow Part Number"; Value = "1755794"; VariantName = "[No Variations]"
Add component (AddParameter): Name = "Arrow Price/Stock"; Value = "https://www.arrow.com/en/products/1755794/phoenix-contact?utm_currency=USD&region=nac"; VariantName = "[No Variations]"
Add component (AddParameter): Name = "Datasheet Link"; Value = "http://www.phoenixcontact.com/de/produkte/1755794/pdf"; VariantName = "[No Variations]"
Add component (AddParameter): Name = "Height"; Value = "12.15mm"; VariantName = "[No Variations]"
Add component (AddParameter): Name = "Manufacturer_Name"; Value = "Phoenix Contact"; VariantName = "[No Variations]"
Add component (AddParameter): Name = "Manufacturer_Part_Number"; Value = "1755794"; VariantName = "[No Variations]"
Add component (AddParameter): Name = "Mouser Part Number"; Value = "651-1755794"; VariantName = "[No Variations]"
Add component (AddParameter): Name = "Mouser Price/Stock"; Value = "https://www.mouser.co.uk/ProductDetail/Phoenix-Contact/1755794?qs=wd%252Bw3mUqFrk%2FIOZ4HDo8lg%3D%3D"; VariantName = "[No Variations]"
Added Component: Designator=J56(1755794)
Add component (AddParameter): Name = "Arrow Part Number"; Value = "1755794"; VariantName = "[No Variations]"
Add component (AddParameter): Name = "Arrow Price/Stock"; Value = "https://www.arrow.com/en/products/1755794/phoenix-contact?utm_currency=USD&region=nac"; VariantName = "[No Variations]"
Add component (AddParameter): Name = "Datasheet Link"; Value = "http://www.phoenixcontact.com/de/produkte/1755794/pdf"; VariantName = "[No Variations]"
Add component (AddParameter): Name = "Height"; Value = "12.15mm"; VariantName = "[No Variations]"
Add component (AddParameter): Name = "Manufacturer_Name"; Value = "Phoenix Contact"; VariantName = "[No Variations]"
Add component (AddParameter): Name = "Manufacturer_Part_Number"; Value = "1755794"; VariantName = "[No Variations]"
Add component (AddParameter): Name = "Mouser Part Number"; Value = "651-1755794"; VariantName = "[No Variations]"
Add component (AddParameter): Name = "Mouser Price/Stock"; Value = "https://www.mouser.co.uk/ProductDetail/Phoenix-Contact/1755794?qs=wd%252Bw3mUqFrk%2FIOZ4HDo8lg%3D%3D"; VariantName = "[No Variations]"
Added Pin To Net: NetName=ADC_N4 Pin=J2-1
Added Pin To Net: NetName=ADC_P4 Pin=J2-2
Added Pin To Net: NetName=LOADCELL_N1 Pin=J2-3
Added Pin To Net: NetName=ADC_P4 Pin=J2-4
Added Pin To Net: NetName=ADC_N3 Pin=J2-5
Added Pin To Net: NetName=ADC_P3 Pin=J2-6
Added Pin To Net: NetName=LOADCELL_N1 Pin=J2-7
Added Pin To Net: NetName=ADC_P3 Pin=J2-8
Added Pin To Net: NetName=ADC_N6 Pin=J3-1
Added Pin To Net: NetName=ADC_P6 Pin=J3-2
Added Pin To Net: NetName=LOADCELL_N1 Pin=J3-3
Added Pin To Net: NetName=ADC_P6 Pin=J3-4
Added Pin To Net: NetName=ADC_N5 Pin=J3-5
Added Pin To Net: NetName=ADC_P5 Pin=J3-6
Added Pin To Net: NetName=LOADCELL_N1 Pin=J3-7
Added Pin To Net: NetName=ADC_P5 Pin=J3-8
Added Pin To Net: NetName=ADC_N8 Pin=J4-1
Added Pin To Net: NetName=ADC_P8 Pin=J4-2
Added Pin To Net: NetName=LOADCELL_N1 Pin=J4-3
Added Pin To Net: NetName=ADC_P8 Pin=J4-4
Added Pin To Net: NetName=ADC_N7 Pin=J4-5
Added Pin To Net: NetName=ADC_P7 Pin=J4-6
Added Pin To Net: NetName=LOADCELL_N1 Pin=J4-7
Added Pin To Net: NetName=ADC_P7 Pin=J4-8
Added Pin To Net: NetName=ADC_N10 Pin=J5-1
Added Pin To Net: NetName=ADC_P10 Pin=J5-2
Added Pin To Net: NetName=LOADCELL_N1 Pin=J5-3
Added Pin To Net: NetName=ADC_P10 Pin=J5-4
Added Pin To Net: NetName=ADC_N9 Pin=J5-5
Added Pin To Net: NetName=ADC_P9 Pin=J5-6
Added Pin To Net: NetName=LOADCELL_N1 Pin=J5-7
Added Pin To Net: NetName=ADC_P9 Pin=J5-8
Added Pin To Net: NetName=ADC_N12 Pin=J6-1
Added Pin To Net: NetName=ADC_P12 Pin=J6-2
Added Pin To Net: NetName=LOADCELL_N1 Pin=J6-3
Added Pin To Net: NetName=ADC_P12 Pin=J6-4
Added Pin To Net: NetName=ADC_N11 Pin=J6-5
Added Pin To Net: NetName=ADC_P11 Pin=J6-6
Added Pin To Net: NetName=LOADCELL_N1 Pin=J6-7
Added Pin To Net: NetName=ADC_P11 Pin=J6-8
Added Pin To Net: NetName=ADC_N14 Pin=J7-1
Added Pin To Net: NetName=ADC_P14 Pin=J7-2
Added Pin To Net: NetName=LOADCELL_N1 Pin=J7-3
Added Pin To Net: NetName=ADC_P14 Pin=J7-4
Added Pin To Net: NetName=ADC_N13 Pin=J7-5
Added Pin To Net: NetName=ADC_P13 Pin=J7-6
Added Pin To Net: NetName=LOADCELL_N1 Pin=J7-7
Added Pin To Net: NetName=ADC_P13 Pin=J7-8
Added Pin To Net: NetName=ADC_N16 Pin=J8-1
Added Pin To Net: NetName=ADC_P16 Pin=J8-2
Added Pin To Net: NetName=LOADCELL_N1 Pin=J8-3
Added Pin To Net: NetName=ADC_P16 Pin=J8-4
Added Pin To Net: NetName=ADC_N15 Pin=J8-5
Added Pin To Net: NetName=ADC_P15 Pin=J8-6
Added Pin To Net: NetName=LOADCELL_N1 Pin=J8-7
Added Pin To Net: NetName=ADC_P15 Pin=J8-8
Added Pin To Net: NetName=ADC_N18 Pin=J9-1
Added Pin To Net: NetName=ADC_P18 Pin=J9-2
Added Pin To Net: NetName=LOADCELL_N1 Pin=J9-3
Added Pin To Net: NetName=ADC_P18 Pin=J9-4
Added Pin To Net: NetName=ADC_N17 Pin=J9-5
Added Pin To Net: NetName=ADC_P17 Pin=J9-6
Added Pin To Net: NetName=LOADCELL_N1 Pin=J9-7
Added Pin To Net: NetName=ADC_P17 Pin=J9-8
Added Pin To Net: NetName=ADC_N20 Pin=J10-1
Added Pin To Net: NetName=ADC_P20 Pin=J10-2
Added Pin To Net: NetName=LOADCELL_N1 Pin=J10-3
Added Pin To Net: NetName=ADC_P20 Pin=J10-4
Added Pin To Net: NetName=ADC_N19 Pin=J10-5
Added Pin To Net: NetName=ADC_P19 Pin=J10-6
Added Pin To Net: NetName=LOADCELL_N1 Pin=J10-7
Added Pin To Net: NetName=ADC_P19 Pin=J10-8
Added Pin To Net: NetName=ADC_N22 Pin=J11-1
Added Pin To Net: NetName=ADC_P22 Pin=J11-2
Added Pin To Net: NetName=LOADCELL_N1 Pin=J11-3
Added Pin To Net: NetName=ADC_P22 Pin=J11-4
Added Pin To Net: NetName=ADC_N21 Pin=J11-5
Added Pin To Net: NetName=ADC_P21 Pin=J11-6
Added Pin To Net: NetName=LOADCELL_N1 Pin=J11-7
Added Pin To Net: NetName=ADC_P21 Pin=J11-8
Added Pin To Net: NetName=ADC_N24 Pin=J12-1
Added Pin To Net: NetName=ADC_P24 Pin=J12-2
Added Pin To Net: NetName=LOADCELL_N1 Pin=J12-3
Added Pin To Net: NetName=ADC_P24 Pin=J12-4
Added Pin To Net: NetName=ADC_N23 Pin=J12-5
Added Pin To Net: NetName=ADC_P23 Pin=J12-6
Added Pin To Net: NetName=LOADCELL_N1 Pin=J12-7
Added Pin To Net: NetName=ADC_P23 Pin=J12-8
Added Pin To Net: NetName=ADC_N2 Pin=J56-1
Added Pin To Net: NetName=ADC_P2 Pin=J56-2
Added Pin To Net: NetName=LOADCELL_N1 Pin=J56-3
Added Pin To Net: NetName=ADC_P2 Pin=J56-4
Added Pin To Net: NetName=ADC_N1 Pin=J56-5
Added Pin To Net: NetName=ADC_P1 Pin=J56-6
Added Pin To Net: NetName=LOADCELL_N1 Pin=J56-7
Added Pin To Net: NetName=ADC_P1 Pin=J56-8
Added Member To Class: ClassName=main Member=Component J2 1755794
Added Member To Class: ClassName=main Member=Component J3 1755794
Added Member To Class: ClassName=main Member=Component J4 1755794
Added Member To Class: ClassName=main Member=Component J5 1755794
Added Member To Class: ClassName=main Member=Component J6 1755794
Added Member To Class: ClassName=main Member=Component J7 1755794
Added Member To Class: ClassName=main Member=Component J8 1755794
Added Member To Class: ClassName=main Member=Component J9 1755794
Added Member To Class: ClassName=main Member=Component J10 1755794
Added Member To Class: ClassName=main Member=Component J11 1755794
Added Member To Class: ClassName=main Member=Component J12 1755794
Added Member To Class: ClassName=Raspberry Pi Power Supply1 Member=Component J13_Raspberry Pi Power Supply1 (J13) 1755794
Added Member To Class: ClassName=Raspberry Pi Power Supply2 Member=Component J13_Raspberry Pi Power Supply2 (J13) 1755794
Added Member To Class: ClassName=Raspberry Pi Power Supply3 Member=Component J13_Raspberry Pi Power Supply3 (J13) 1755794
Added Member To Class: ClassName=Raspberry Pi Power Supply4 Member=Component J13_Raspberry Pi Power Supply4 (J13) 1755794
Added Member To Class: ClassName=Raspberry Pi Power Supply5 Member=Component J13_Raspberry Pi Power Supply5 (J13) 1755794
Added Member To Class: ClassName=main Member=Component J56 1755794
