Removed Pin From Net: NetName=GND Pin=J_LOADCELL_bridge1-1
Removed Pin From Net: NetName=GND Pin=J_LOADCELL_bridge2-1
Removed Pin From Net: NetName=GND Pin=J_LOADCELL_bridge3-1
Removed Pin From Net: NetName=GND Pin=J_LOADCELL_bridge4-1
Removed Pin From Net: NetName=GND Pin=J_LOADCELL_bridge5-1
Removed Pin From Net: NetName=GND Pin=J_LOADCELL_bridge6-1
Removed Pin From Net: NetName=GND Pin=J_LOADCELL_bridge7-1
Removed Pin From Net: NetName=GND Pin=J_LOADCELL_bridge8-1
Removed Pin From Net: NetName=GND Pin=J_LOADCELL_bridge9-1
Removed Pin From Net: NetName=GND Pin=J_LOADCELL_bridge10-1
Removed Pin From Net: NetName=GND Pin=J_LOADCELL_bridge11-1
Removed Pin From Net: NetName=GND Pin=J_LOADCELL_bridge12-1
Removed Pin From Net: NetName=GND Pin=J_LOADCELL_bridge13-1
Removed Pin From Net: NetName=GND Pin=J_LOADCELL_bridge14-1
Removed Pin From Net: NetName=GND Pin=J_LOADCELL_bridge15-1
Removed Pin From Net: NetName=GND Pin=J_LOADCELL_bridge16-1
Removed Pin From Net: NetName=GND Pin=J_LOADCELL_bridge17-1
Removed Pin From Net: NetName=GND Pin=J_LOADCELL_bridge18-1
Removed Pin From Net: NetName=GND Pin=J_LOADCELL_bridge19-1
Removed Pin From Net: NetName=GND Pin=J_LOADCELL_bridge20-1
Removed Pin From Net: NetName=GND Pin=J_LOADCELL_bridge21-1
Removed Pin From Net: NetName=GND Pin=J_LOADCELL_bridge22-1
Removed Pin From Net: NetName=GND Pin=J_LOADCELL_bridge23-1
Removed Pin From Net: NetName=GND Pin=J_LOADCELL_bridge24-1
Removed Pin From Net: NetName=GND Pin=R3_bridge1-1
Removed Pin From Net: NetName=GND Pin=R3_bridge2-1
Removed Pin From Net: NetName=GND Pin=R3_bridge3-1
Removed Pin From Net: NetName=GND Pin=R3_bridge4-1
Removed Pin From Net: NetName=GND Pin=R3_bridge5-1
Removed Pin From Net: NetName=GND Pin=R3_bridge6-1
Removed Pin From Net: NetName=GND Pin=R3_bridge7-1
Removed Pin From Net: NetName=GND Pin=R3_bridge8-1
Removed Pin From Net: NetName=GND Pin=R3_bridge9-1
Removed Pin From Net: NetName=GND Pin=R3_bridge10-1
Removed Pin From Net: NetName=GND Pin=R3_bridge11-1
Removed Pin From Net: NetName=GND Pin=R3_bridge12-1
Removed Pin From Net: NetName=GND Pin=R3_bridge13-1
Removed Pin From Net: NetName=GND Pin=R3_bridge14-1
Removed Pin From Net: NetName=GND Pin=R3_bridge15-1
Removed Pin From Net: NetName=GND Pin=R3_bridge16-1
Removed Pin From Net: NetName=GND Pin=R3_bridge17-1
Removed Pin From Net: NetName=GND Pin=R3_bridge18-1
Removed Pin From Net: NetName=GND Pin=R3_bridge19-1
Removed Pin From Net: NetName=GND Pin=R3_bridge20-1
Removed Pin From Net: NetName=GND Pin=R3_bridge21-1
Removed Pin From Net: NetName=GND Pin=R3_bridge22-1
Removed Pin From Net: NetName=GND Pin=R3_bridge23-1
Removed Pin From Net: NetName=GND Pin=R3_bridge24-1
Removed Member From Class: ClassName=bridge1 Member=J_ADC_bridge1
Removed Member From Class: ClassName=bridge2 Member=J_ADC_bridge2
Removed Member From Class: ClassName=bridge3 Member=J_ADC_bridge3
Removed Member From Class: ClassName=bridge4 Member=J_ADC_bridge4
Removed Member From Class: ClassName=bridge5 Member=J_ADC_bridge5
Removed Member From Class: ClassName=bridge6 Member=J_ADC_bridge6
Removed Member From Class: ClassName=bridge7 Member=J_ADC_bridge7
Removed Member From Class: ClassName=bridge8 Member=J_ADC_bridge8
Removed Member From Class: ClassName=bridge9 Member=J_ADC_bridge9
Removed Member From Class: ClassName=bridge10 Member=J_ADC_bridge10
Removed Member From Class: ClassName=bridge11 Member=J_ADC_bridge11
Removed Member From Class: ClassName=bridge12 Member=J_ADC_bridge12
Removed Member From Class: ClassName=bridge13 Member=J_ADC_bridge13
Removed Member From Class: ClassName=bridge14 Member=J_ADC_bridge14
Removed Member From Class: ClassName=bridge15 Member=J_ADC_bridge15
Removed Member From Class: ClassName=bridge16 Member=J_ADC_bridge16
Removed Member From Class: ClassName=bridge17 Member=J_ADC_bridge17
Removed Member From Class: ClassName=bridge18 Member=J_ADC_bridge18
Removed Member From Class: ClassName=bridge19 Member=J_ADC_bridge19
Removed Member From Class: ClassName=bridge20 Member=J_ADC_bridge20
Removed Member From Class: ClassName=bridge21 Member=J_ADC_bridge21
Removed Member From Class: ClassName=bridge22 Member=J_ADC_bridge22
Removed Member From Class: ClassName=bridge23 Member=J_ADC_bridge23
Removed Member From Class: ClassName=bridge24 Member=J_ADC_bridge24
Removed Member From Class: ClassName=bridge1 Member=J_LOADCELL_bridge1
Removed Member From Class: ClassName=bridge2 Member=J_LOADCELL_bridge2
Removed Member From Class: ClassName=bridge3 Member=J_LOADCELL_bridge3
Removed Member From Class: ClassName=bridge4 Member=J_LOADCELL_bridge4
Removed Member From Class: ClassName=bridge5 Member=J_LOADCELL_bridge5
Removed Member From Class: ClassName=bridge6 Member=J_LOADCELL_bridge6
Removed Member From Class: ClassName=bridge7 Member=J_LOADCELL_bridge7
Removed Member From Class: ClassName=bridge8 Member=J_LOADCELL_bridge8
Removed Member From Class: ClassName=bridge9 Member=J_LOADCELL_bridge9
Removed Member From Class: ClassName=bridge10 Member=J_LOADCELL_bridge10
Removed Member From Class: ClassName=bridge11 Member=J_LOADCELL_bridge11
Removed Member From Class: ClassName=bridge12 Member=J_LOADCELL_bridge12
Removed Member From Class: ClassName=bridge13 Member=J_LOADCELL_bridge13
Removed Member From Class: ClassName=bridge14 Member=J_LOADCELL_bridge14
Removed Member From Class: ClassName=bridge15 Member=J_LOADCELL_bridge15
Removed Member From Class: ClassName=bridge16 Member=J_LOADCELL_bridge16
Removed Member From Class: ClassName=bridge17 Member=J_LOADCELL_bridge17
Removed Member From Class: ClassName=bridge18 Member=J_LOADCELL_bridge18
Removed Member From Class: ClassName=bridge19 Member=J_LOADCELL_bridge19
Removed Member From Class: ClassName=bridge20 Member=J_LOADCELL_bridge20
Removed Member From Class: ClassName=bridge21 Member=J_LOADCELL_bridge21
Removed Member From Class: ClassName=bridge22 Member=J_LOADCELL_bridge22
Removed Member From Class: ClassName=bridge23 Member=J_LOADCELL_bridge23
Removed Member From Class: ClassName=bridge24 Member=J_LOADCELL_bridge24
Added Component: Designator=J2(1803523)
Add component (AddParameter): Name = "Datasheet Link"; Value = "https://www.phoenixcontact.com/de-de/produkte/leiterplattengrundleiste-mcv-1512-g-381-1803523"; VariantName = "[No Variations]"
Add component (AddParameter): Name = "Geometry.Height"; Value = "9.35mm"; VariantName = "[No Variations]"
Add component (AddParameter): Name = "Manufacturer_Name"; Value = "Phoenix Contact"; VariantName = "[No Variations]"
Add component (AddParameter): Name = "Manufacturer_Part_Number"; Value = "1803523"; VariantName = "[No Variations]"
Add component (AddParameter): Name = "TME Electronic Components Part Number"; Value = ""; VariantName = "[No Variations]"
Add component (AddParameter): Name = "TME Electronic Components Price/Stock"; Value = ""; VariantName = "[No Variations]"
Added Component: Designator=J3(1803523)
Add component (AddParameter): Name = "Datasheet Link"; Value = "https://www.phoenixcontact.com/de-de/produkte/leiterplattengrundleiste-mcv-1512-g-381-1803523"; VariantName = "[No Variations]"
Add component (AddParameter): Name = "Geometry.Height"; Value = "9.35mm"; VariantName = "[No Variations]"
Add component (AddParameter): Name = "Manufacturer_Name"; Value = "Phoenix Contact"; VariantName = "[No Variations]"
Add component (AddParameter): Name = "Manufacturer_Part_Number"; Value = "1803523"; VariantName = "[No Variations]"
Add component (AddParameter): Name = "TME Electronic Components Part Number"; Value = ""; VariantName = "[No Variations]"
Add component (AddParameter): Name = "TME Electronic Components Price/Stock"; Value = ""; VariantName = "[No Variations]"
Added Component: Designator=J4(1803523)
Add component (AddParameter): Name = "Datasheet Link"; Value = "https://www.phoenixcontact.com/de-de/produkte/leiterplattengrundleiste-mcv-1512-g-381-1803523"; VariantName = "[No Variations]"
Add component (AddParameter): Name = "Geometry.Height"; Value = "9.35mm"; VariantName = "[No Variations]"
Add component (AddParameter): Name = "Manufacturer_Name"; Value = "Phoenix Contact"; VariantName = "[No Variations]"
Add component (AddParameter): Name = "Manufacturer_Part_Number"; Value = "1803523"; VariantName = "[No Variations]"
Add component (AddParameter): Name = "TME Electronic Components Part Number"; Value = ""; VariantName = "[No Variations]"
Add component (AddParameter): Name = "TME Electronic Components Price/Stock"; Value = ""; VariantName = "[No Variations]"
Added Component: Designator=J5(1803523)
Add component (AddParameter): Name = "Datasheet Link"; Value = "https://www.phoenixcontact.com/de-de/produkte/leiterplattengrundleiste-mcv-1512-g-381-1803523"; VariantName = "[No Variations]"
Add component (AddParameter): Name = "Geometry.Height"; Value = "9.35mm"; VariantName = "[No Variations]"
Add component (AddParameter): Name = "Manufacturer_Name"; Value = "Phoenix Contact"; VariantName = "[No Variations]"
Add component (AddParameter): Name = "Manufacturer_Part_Number"; Value = "1803523"; VariantName = "[No Variations]"
Add component (AddParameter): Name = "TME Electronic Components Part Number"; Value = ""; VariantName = "[No Variations]"
Add component (AddParameter): Name = "TME Electronic Components Price/Stock"; Value = ""; VariantName = "[No Variations]"
Added Component: Designator=J6(1803523)
Add component (AddParameter): Name = "Datasheet Link"; Value = "https://www.phoenixcontact.com/de-de/produkte/leiterplattengrundleiste-mcv-1512-g-381-1803523"; VariantName = "[No Variations]"
Add component (AddParameter): Name = "Geometry.Height"; Value = "9.35mm"; VariantName = "[No Variations]"
Add component (AddParameter): Name = "Manufacturer_Name"; Value = "Phoenix Contact"; VariantName = "[No Variations]"
Add component (AddParameter): Name = "Manufacturer_Part_Number"; Value = "1803523"; VariantName = "[No Variations]"
Add component (AddParameter): Name = "TME Electronic Components Part Number"; Value = ""; VariantName = "[No Variations]"
Add component (AddParameter): Name = "TME Electronic Components Price/Stock"; Value = ""; VariantName = "[No Variations]"
Added Component: Designator=J7(1803523)
Add component (AddParameter): Name = "Datasheet Link"; Value = "https://www.phoenixcontact.com/de-de/produkte/leiterplattengrundleiste-mcv-1512-g-381-1803523"; VariantName = "[No Variations]"
Add component (AddParameter): Name = "Geometry.Height"; Value = "9.35mm"; VariantName = "[No Variations]"
Add component (AddParameter): Name = "Manufacturer_Name"; Value = "Phoenix Contact"; VariantName = "[No Variations]"
Add component (AddParameter): Name = "Manufacturer_Part_Number"; Value = "1803523"; VariantName = "[No Variations]"
Add component (AddParameter): Name = "TME Electronic Components Part Number"; Value = ""; VariantName = "[No Variations]"
Add component (AddParameter): Name = "TME Electronic Components Price/Stock"; Value = ""; VariantName = "[No Variations]"
Added Component: Designator=J8(1803523)
Add component (AddParameter): Name = "Datasheet Link"; Value = "https://www.phoenixcontact.com/de-de/produkte/leiterplattengrundleiste-mcv-1512-g-381-1803523"; VariantName = "[No Variations]"
Add component (AddParameter): Name = "Geometry.Height"; Value = "9.35mm"; VariantName = "[No Variations]"
Add component (AddParameter): Name = "Manufacturer_Name"; Value = "Phoenix Contact"; VariantName = "[No Variations]"
Add component (AddParameter): Name = "Manufacturer_Part_Number"; Value = "1803523"; VariantName = "[No Variations]"
Add component (AddParameter): Name = "TME Electronic Components Part Number"; Value = ""; VariantName = "[No Variations]"
Add component (AddParameter): Name = "TME Electronic Components Price/Stock"; Value = ""; VariantName = "[No Variations]"
Added Component: Designator=J9(1803523)
Add component (AddParameter): Name = "Datasheet Link"; Value = "https://www.phoenixcontact.com/de-de/produkte/leiterplattengrundleiste-mcv-1512-g-381-1803523"; VariantName = "[No Variations]"
Add component (AddParameter): Name = "Geometry.Height"; Value = "9.35mm"; VariantName = "[No Variations]"
Add component (AddParameter): Name = "Manufacturer_Name"; Value = "Phoenix Contact"; VariantName = "[No Variations]"
Add component (AddParameter): Name = "Manufacturer_Part_Number"; Value = "1803523"; VariantName = "[No Variations]"
Add component (AddParameter): Name = "TME Electronic Components Part Number"; Value = ""; VariantName = "[No Variations]"
Add component (AddParameter): Name = "TME Electronic Components Price/Stock"; Value = ""; VariantName = "[No Variations]"
Added Pin To Net: NetName=5V_bridge1 Pin=C1-1
Added Pin To Net: NetName=5V_bridge1 Pin=U1-1
Added Pin To Net: NetName=5V_bridge1 Pin=U1-3
Added Pin To Net: NetName=5V_bridge1 Pin=U1-20
Change Net Name : Old Net Name=5V_bridge1 New Net Name=5V
Added Pin To Net: NetName=GND_bridge1 Pin=R3_bridge1-1
Added Net: Name=GND_bridge1
Added Pin To Net: NetName=GND_bridge2 Pin=R3_bridge2-1
Added Net: Name=GND_bridge2
Added Pin To Net: NetName=GND_bridge3 Pin=R3_bridge3-1
Added Net: Name=GND_bridge3
Added Pin To Net: NetName=GND_bridge4 Pin=R3_bridge4-1
Added Net: Name=GND_bridge4
Added Pin To Net: NetName=GND_bridge5 Pin=R3_bridge5-1
Added Net: Name=GND_bridge5
Added Pin To Net: NetName=GND_bridge6 Pin=R3_bridge6-1
Added Net: Name=GND_bridge6
Added Pin To Net: NetName=GND_bridge7 Pin=R3_bridge7-1
Added Net: Name=GND_bridge7
Added Pin To Net: NetName=GND_bridge8 Pin=R3_bridge8-1
Added Net: Name=GND_bridge8
Added Pin To Net: NetName=GND_bridge9 Pin=R3_bridge9-1
Added Net: Name=GND_bridge9
Added Pin To Net: NetName=GND_bridge10 Pin=R3_bridge10-1
Added Net: Name=GND_bridge10
Added Pin To Net: NetName=GND_bridge11 Pin=R3_bridge11-1
Added Net: Name=GND_bridge11
Added Pin To Net: NetName=GND_bridge12 Pin=R3_bridge12-1
Added Net: Name=GND_bridge12
Added Pin To Net: NetName=GND_bridge13 Pin=R3_bridge13-1
Added Net: Name=GND_bridge13
Added Pin To Net: NetName=GND_bridge14 Pin=R3_bridge14-1
Added Net: Name=GND_bridge14
Added Pin To Net: NetName=GND_bridge15 Pin=R3_bridge15-1
Added Net: Name=GND_bridge15
Added Pin To Net: NetName=GND_bridge16 Pin=R3_bridge16-1
Added Net: Name=GND_bridge16
Added Pin To Net: NetName=GND_bridge17 Pin=R3_bridge17-1
Added Net: Name=GND_bridge17
Added Pin To Net: NetName=GND_bridge18 Pin=R3_bridge18-1
Added Net: Name=GND_bridge18
Added Pin To Net: NetName=GND_bridge19 Pin=R3_bridge19-1
Added Net: Name=GND_bridge19
Added Pin To Net: NetName=GND_bridge20 Pin=R3_bridge20-1
Added Net: Name=GND_bridge20
Added Pin To Net: NetName=GND_bridge21 Pin=R3_bridge21-1
Added Net: Name=GND_bridge21
Added Pin To Net: NetName=GND_bridge22 Pin=R3_bridge22-1
Added Net: Name=GND_bridge22
Added Pin To Net: NetName=GND_bridge23 Pin=R3_bridge23-1
Added Net: Name=GND_bridge23
Added Pin To Net: NetName=GND_bridge24 Pin=R3_bridge24-1
Added Net: Name=GND_bridge24
Added Pin To Net: NetName=LOADCELL_P1 Pin=J2-12
Added Pin To Net: NetName=LOADCELL_P1 Pin=R1_bridge1-1
Added Net: Name=LOADCELL_P1
Added Pin To Net: NetName=LOADCELL_P2 Pin=J2-8
Added Pin To Net: NetName=LOADCELL_P2 Pin=R1_bridge2-1
Added Net: Name=LOADCELL_P2
Added Pin To Net: NetName=LOADCELL_P3 Pin=J2-4
Added Pin To Net: NetName=LOADCELL_P3 Pin=J3-12
Added Pin To Net: NetName=LOADCELL_P3 Pin=R1_bridge3-1
Added Net: Name=LOADCELL_P3
Added Pin To Net: NetName=LOADCELL_P4 Pin=J3-8
Added Pin To Net: NetName=LOADCELL_P4 Pin=R1_bridge4-1
Added Net: Name=LOADCELL_P4
Added Pin To Net: NetName=LOADCELL_P5 Pin=J3-4
Added Pin To Net: NetName=LOADCELL_P5 Pin=R1_bridge5-1
Added Net: Name=LOADCELL_P5
Added Pin To Net: NetName=LOADCELL_P6 Pin=J4-12
Added Pin To Net: NetName=LOADCELL_P6 Pin=R1_bridge6-1
Added Net: Name=LOADCELL_P6
Added Pin To Net: NetName=LOADCELL_P7 Pin=J4-8
Added Pin To Net: NetName=LOADCELL_P7 Pin=R1_bridge7-1
Added Net: Name=LOADCELL_P7
Added Pin To Net: NetName=LOADCELL_P8 Pin=J4-4
Added Pin To Net: NetName=LOADCELL_P8 Pin=R1_bridge8-1
Added Net: Name=LOADCELL_P8
Added Pin To Net: NetName=LOADCELL_P9 Pin=J5-12
Added Pin To Net: NetName=LOADCELL_P9 Pin=R1_bridge9-1
Added Net: Name=LOADCELL_P9
Added Pin To Net: NetName=LOADCELL_P10 Pin=J5-8
Added Pin To Net: NetName=LOADCELL_P10 Pin=R1_bridge10-1
Added Net: Name=LOADCELL_P10
Added Pin To Net: NetName=LOADCELL_P11 Pin=J5-4
Added Pin To Net: NetName=LOADCELL_P11 Pin=R1_bridge11-1
Added Net: Name=LOADCELL_P11
Added Pin To Net: NetName=LOADCELL_P12 Pin=J6-12
Added Pin To Net: NetName=LOADCELL_P12 Pin=R1_bridge12-1
Added Net: Name=LOADCELL_P12
Added Pin To Net: NetName=LOADCELL_P13 Pin=J6-8
Added Pin To Net: NetName=LOADCELL_P13 Pin=R1_bridge13-1
Added Net: Name=LOADCELL_P13
Added Pin To Net: NetName=LOADCELL_P14 Pin=J6-4
Added Pin To Net: NetName=LOADCELL_P14 Pin=R1_bridge14-1
Added Net: Name=LOADCELL_P14
Added Pin To Net: NetName=LOADCELL_P15 Pin=J7-12
Added Pin To Net: NetName=LOADCELL_P15 Pin=R1_bridge15-1
Added Net: Name=LOADCELL_P15
Added Pin To Net: NetName=LOADCELL_P16 Pin=J7-8
Added Pin To Net: NetName=LOADCELL_P16 Pin=R1_bridge16-1
Added Net: Name=LOADCELL_P16
Added Pin To Net: NetName=LOADCELL_P17 Pin=J7-4
Added Pin To Net: NetName=LOADCELL_P17 Pin=R1_bridge17-1
Added Net: Name=LOADCELL_P17
Added Pin To Net: NetName=LOADCELL_P18 Pin=J8-12
Added Pin To Net: NetName=LOADCELL_P18 Pin=R1_bridge18-1
Added Net: Name=LOADCELL_P18
Added Pin To Net: NetName=LOADCELL_P19 Pin=J8-8
Added Pin To Net: NetName=LOADCELL_P19 Pin=R1_bridge19-1
Added Net: Name=LOADCELL_P19
Added Pin To Net: NetName=LOADCELL_P20 Pin=J8-4
Added Pin To Net: NetName=LOADCELL_P20 Pin=R1_bridge20-1
Added Net: Name=LOADCELL_P20
Added Pin To Net: NetName=LOADCELL_P21 Pin=J9-12
Added Pin To Net: NetName=LOADCELL_P21 Pin=R1_bridge21-1
Added Net: Name=LOADCELL_P21
Added Pin To Net: NetName=LOADCELL_P22 Pin=J9-8
Added Pin To Net: NetName=LOADCELL_P22 Pin=R1_bridge22-1
Added Net: Name=LOADCELL_P22
Added Pin To Net: NetName=LOADCELL_P23 Pin=J9-4
Added Pin To Net: NetName=LOADCELL_P23 Pin=R1_bridge23-1
Added Net: Name=LOADCELL_P23
Added Pin To Net: NetName=LOADCELL_P24 Pin=R1_bridge24-1
Added Net: Name=LOADCELL_P24
Added Pin To Net: NetName=NetR2_bridge1_1 Pin=R2_bridge1-1
Added Pin To Net: NetName=NetR2_bridge1_1 Pin=R3_bridge1-2
Added Net: Name=NetR2_bridge1_1
Added Pin To Net: NetName=NetR2_bridge2_1 Pin=R2_bridge2-1
Added Pin To Net: NetName=NetR2_bridge2_1 Pin=R3_bridge2-2
Added Net: Name=NetR2_bridge2_1
Added Pin To Net: NetName=NetR2_bridge3_1 Pin=R2_bridge3-1
Added Pin To Net: NetName=NetR2_bridge3_1 Pin=R3_bridge3-2
Added Net: Name=NetR2_bridge3_1
Added Pin To Net: NetName=NetR2_bridge4_1 Pin=R2_bridge4-1
Added Pin To Net: NetName=NetR2_bridge4_1 Pin=R3_bridge4-2
Added Net: Name=NetR2_bridge4_1
Added Pin To Net: NetName=NetR2_bridge5_1 Pin=R2_bridge5-1
Added Pin To Net: NetName=NetR2_bridge5_1 Pin=R3_bridge5-2
Added Net: Name=NetR2_bridge5_1
Added Pin To Net: NetName=NetR2_bridge6_1 Pin=R2_bridge6-1
Added Pin To Net: NetName=NetR2_bridge6_1 Pin=R3_bridge6-2
Added Net: Name=NetR2_bridge6_1
Added Pin To Net: NetName=NetR2_bridge7_1 Pin=R2_bridge7-1
Added Pin To Net: NetName=NetR2_bridge7_1 Pin=R3_bridge7-2
Added Net: Name=NetR2_bridge7_1
Added Pin To Net: NetName=NetR2_bridge8_1 Pin=R2_bridge8-1
Added Pin To Net: NetName=NetR2_bridge8_1 Pin=R3_bridge8-2
Added Net: Name=NetR2_bridge8_1
Added Pin To Net: NetName=NetR2_bridge9_1 Pin=R2_bridge9-1
Added Pin To Net: NetName=NetR2_bridge9_1 Pin=R3_bridge9-2
Added Net: Name=NetR2_bridge9_1
Added Pin To Net: NetName=NetR2_bridge10_1 Pin=R2_bridge10-1
Added Pin To Net: NetName=NetR2_bridge10_1 Pin=R3_bridge10-2
Added Net: Name=NetR2_bridge10_1
Added Pin To Net: NetName=NetR2_bridge11_1 Pin=R2_bridge11-1
Added Pin To Net: NetName=NetR2_bridge11_1 Pin=R3_bridge11-2
Added Net: Name=NetR2_bridge11_1
Added Pin To Net: NetName=NetR2_bridge12_1 Pin=R2_bridge12-1
Added Pin To Net: NetName=NetR2_bridge12_1 Pin=R3_bridge12-2
Added Net: Name=NetR2_bridge12_1
Added Pin To Net: NetName=NetR2_bridge13_1 Pin=R2_bridge13-1
Added Pin To Net: NetName=NetR2_bridge13_1 Pin=R3_bridge13-2
Added Net: Name=NetR2_bridge13_1
Added Pin To Net: NetName=NetR2_bridge14_1 Pin=R2_bridge14-1
Added Pin To Net: NetName=NetR2_bridge14_1 Pin=R3_bridge14-2
Added Net: Name=NetR2_bridge14_1
Added Pin To Net: NetName=NetR2_bridge15_1 Pin=R2_bridge15-1
Added Pin To Net: NetName=NetR2_bridge15_1 Pin=R3_bridge15-2
Added Net: Name=NetR2_bridge15_1
Added Pin To Net: NetName=NetR2_bridge16_1 Pin=R2_bridge16-1
Added Pin To Net: NetName=NetR2_bridge16_1 Pin=R3_bridge16-2
Added Net: Name=NetR2_bridge16_1
Added Pin To Net: NetName=NetR2_bridge17_1 Pin=R2_bridge17-1
Added Pin To Net: NetName=NetR2_bridge17_1 Pin=R3_bridge17-2
Added Net: Name=NetR2_bridge17_1
Added Pin To Net: NetName=NetR2_bridge18_1 Pin=R2_bridge18-1
Added Pin To Net: NetName=NetR2_bridge18_1 Pin=R3_bridge18-2
Added Net: Name=NetR2_bridge18_1
Added Pin To Net: NetName=NetR2_bridge19_1 Pin=R2_bridge19-1
Added Pin To Net: NetName=NetR2_bridge19_1 Pin=R3_bridge19-2
Added Net: Name=NetR2_bridge19_1
Added Pin To Net: NetName=NetR2_bridge20_1 Pin=R2_bridge20-1
Added Pin To Net: NetName=NetR2_bridge20_1 Pin=R3_bridge20-2
Added Net: Name=NetR2_bridge20_1
Added Pin To Net: NetName=NetR2_bridge21_1 Pin=R2_bridge21-1
Added Pin To Net: NetName=NetR2_bridge21_1 Pin=R3_bridge21-2
Added Net: Name=NetR2_bridge21_1
Added Pin To Net: NetName=NetR2_bridge22_1 Pin=R2_bridge22-1
Added Pin To Net: NetName=NetR2_bridge22_1 Pin=R3_bridge22-2
Added Net: Name=NetR2_bridge22_1
Added Pin To Net: NetName=NetR2_bridge23_1 Pin=R2_bridge23-1
Added Pin To Net: NetName=NetR2_bridge23_1 Pin=R3_bridge23-2
Added Net: Name=NetR2_bridge23_1
Added Pin To Net: NetName=NetR2_bridge24_1 Pin=R2_bridge24-1
Added Pin To Net: NetName=NetR2_bridge24_1 Pin=R3_bridge24-2
Added Net: Name=NetR2_bridge24_1
Added Member To Class: ClassName=main Member=Component J2 1803523
Added Member To Class: ClassName=main Member=Component J3 1803523
Added Member To Class: ClassName=main Member=Component J4 1803523
Added Member To Class: ClassName=main Member=Component J5 1803523
Added Member To Class: ClassName=main Member=Component J6 1803523
Added Member To Class: ClassName=main Member=Component J7 1803523
Added Member To Class: ClassName=main Member=Component J8 1803523
Added Member To Class: ClassName=main Member=Component J9 1803523
Added Rule: Name=Schematic Supply Nets_5
Added Rule: Name=Schematic Supply Nets_6
Added Rule: Name=Schematic Supply Nets_7
Added Rule: Name=Schematic Supply Nets_8
Added Rule: Name=Schematic Supply Nets_9
Added Rule: Name=Schematic Supply Nets_10
Added Rule: Name=Schematic Supply Nets_11
Added Rule: Name=Schematic Supply Nets_12
Added Rule: Name=Schematic Supply Nets_13
Added Rule: Name=Schematic Supply Nets_14
Added Rule: Name=Schematic Supply Nets_15
Added Rule: Name=Schematic Supply Nets_16
Added Rule: Name=Schematic Supply Nets_17
Added Rule: Name=Schematic Supply Nets_18
Added Rule: Name=Schematic Supply Nets_19
Added Rule: Name=Schematic Supply Nets_20
Added Rule: Name=Schematic Supply Nets_21
Added Rule: Name=Schematic Supply Nets_22
Added Rule: Name=Schematic Supply Nets_23
Added Rule: Name=Schematic Supply Nets_24
Added Rule: Name=Schematic Supply Nets_25
Added Rule: Name=Schematic Supply Nets_26
Added Rule: Name=Schematic Supply Nets_27
Added Rule: Name=Schematic Supply Nets_28
