Removed Pin From Net: NetName=ADC_N3 Pin=J2-1
Removed Pin From Net: NetName=ADC_P3 Pin=J2-2
Removed Pin From Net: NetName=ADC_P3 Pin=J2-4
Removed Pin From Net: NetName=ADC_N2 Pin=J2-5
Removed Pin From Net: NetName=ADC_P2 Pin=J2-6
Removed Pin From Net: NetName=ADC_P2 Pin=J2-8
Removed Pin From Net: NetName=ADC_N1 Pin=J2-9
Removed Pin From Net: NetName=ADC_P1 Pin=J2-10
Removed Pin From Net: NetName=LOADCELL_N1 Pin=J2-11
Removed Pin From Net: NetName=ADC_P1 Pin=J2-12
Removed Pin From Net: NetName=ADC_N4 Pin=J3-9
Removed Pin From Net: NetName=ADC_P4 Pin=J3-10
Removed Pin From Net: NetName=LOADCELL_N1 Pin=J3-11
Removed Pin From Net: NetName=ADC_P4 Pin=J3-12
Removed Pin From Net: NetName=ADC_N9 Pin=J4-1
Removed Pin From Net: NetName=ADC_P9 Pin=J4-2
Removed Pin From Net: NetName=ADC_P9 Pin=J4-4
Removed Pin From Net: NetName=ADC_N8 Pin=J4-5
Removed Pin From Net: NetName=ADC_P8 Pin=J4-6
Removed Pin From Net: NetName=ADC_P8 Pin=J4-8
Removed Pin From Net: NetName=ADC_N7 Pin=J4-9
Removed Pin From Net: NetName=ADC_P7 Pin=J4-10
Removed Pin From Net: NetName=LOADCELL_N1 Pin=J4-11
Removed Pin From Net: NetName=ADC_P7 Pin=J4-12
Removed Pin From Net: NetName=ADC_N12 Pin=J5-1
Removed Pin From Net: NetName=ADC_P12 Pin=J5-2
Removed Pin From Net: NetName=ADC_P12 Pin=J5-4
Removed Pin From Net: NetName=ADC_N11 Pin=J5-5
Removed Pin From Net: NetName=ADC_P11 Pin=J5-6
Removed Pin From Net: NetName=ADC_P11 Pin=J5-8
Removed Pin From Net: NetName=ADC_N10 Pin=J5-9
Removed Pin From Net: NetName=ADC_P10 Pin=J5-10
Removed Pin From Net: NetName=LOADCELL_N1 Pin=J5-11
Removed Pin From Net: NetName=ADC_P10 Pin=J5-12
Removed Pin From Net: NetName=ADC_N15 Pin=J6-1
Removed Pin From Net: NetName=ADC_P15 Pin=J6-2
Removed Pin From Net: NetName=ADC_P15 Pin=J6-4
Removed Pin From Net: NetName=ADC_N14 Pin=J6-5
Removed Pin From Net: NetName=ADC_P14 Pin=J6-6
Removed Pin From Net: NetName=ADC_P14 Pin=J6-8
Removed Pin From Net: NetName=ADC_N13 Pin=J6-9
Removed Pin From Net: NetName=ADC_P13 Pin=J6-10
Removed Pin From Net: NetName=LOADCELL_N1 Pin=J6-11
Removed Pin From Net: NetName=ADC_P13 Pin=J6-12
Removed Pin From Net: NetName=ADC_N18 Pin=J7-1
Removed Pin From Net: NetName=ADC_P18 Pin=J7-2
Removed Pin From Net: NetName=ADC_P18 Pin=J7-4
Removed Pin From Net: NetName=ADC_N17 Pin=J7-5
Removed Pin From Net: NetName=ADC_P17 Pin=J7-6
Removed Pin From Net: NetName=ADC_P17 Pin=J7-8
Removed Pin From Net: NetName=ADC_N16 Pin=J7-9
Removed Pin From Net: NetName=ADC_P16 Pin=J7-10
Removed Pin From Net: NetName=LOADCELL_N1 Pin=J7-11
Removed Pin From Net: NetName=ADC_P16 Pin=J7-12
Removed Pin From Net: NetName=ADC_N21 Pin=J8-1
Removed Pin From Net: NetName=ADC_P21 Pin=J8-2
Removed Pin From Net: NetName=ADC_P21 Pin=J8-4
Removed Pin From Net: NetName=ADC_N20 Pin=J8-5
Removed Pin From Net: NetName=ADC_P20 Pin=J8-6
Removed Pin From Net: NetName=ADC_P20 Pin=J8-8
Removed Pin From Net: NetName=ADC_N19 Pin=J8-9
Removed Pin From Net: NetName=ADC_P19 Pin=J8-10
Removed Pin From Net: NetName=LOADCELL_N1 Pin=J8-11
Removed Pin From Net: NetName=ADC_P19 Pin=J8-12
Removed Pin From Net: NetName=ADC_N24 Pin=J9-1
Removed Pin From Net: NetName=ADC_P24 Pin=J9-2
Removed Pin From Net: NetName=ADC_P24 Pin=J9-4
Removed Pin From Net: NetName=ADC_N23 Pin=J9-5
Removed Pin From Net: NetName=ADC_P23 Pin=J9-6
Removed Pin From Net: NetName=ADC_P23 Pin=J9-8
Removed Pin From Net: NetName=ADC_N22 Pin=J9-9
Removed Pin From Net: NetName=ADC_P22 Pin=J9-10
Removed Pin From Net: NetName=LOADCELL_N1 Pin=J9-11
Removed Pin From Net: NetName=ADC_P22 Pin=J9-12
Change Component Footprint: Designator=J2 Old Footprint=1803523 New Footprint=1755794
Change Component Footprint: Designator=J3 Old Footprint=1803523 New Footprint=1755794
Change Component Footprint: Designator=J4 Old Footprint=1803523 New Footprint=1755794
Change Component Footprint: Designator=J5 Old Footprint=1803523 New Footprint=1755794
Change Component Footprint: Designator=J6 Old Footprint=1803523 New Footprint=1755794
Change Component Footprint: Designator=J7 Old Footprint=1803523 New Footprint=1755794
Change Component Footprint: Designator=J8 Old Footprint=1803523 New Footprint=1755794
Change Component Footprint: Designator=J9 Old Footprint=1803523 New Footprint=1755794
Change Component Comment : Designator=J2 Old Comment=1803523 New Comment=1755794
Change Component Comment : Designator=J3 Old Comment=1803523 New Comment=1755794
Change Component Comment : Designator=J4 Old Comment=1803523 New Comment=1755794
Change Component Comment : Designator=J5 Old Comment=1803523 New Comment=1755794
Change Component Comment : Designator=J6 Old Comment=1803523 New Comment=1755794
Change Component Comment : Designator=J7 Old Comment=1803523 New Comment=1755794
Change Component Comment : Designator=J8 Old Comment=1803523 New Comment=1755794
Change Component Comment : Designator=J9 Old Comment=1803523 New Comment=1755794
Change Component Designator: OldDesignator=J1_Raspberry Pi Power Supply1 NewDesignator=J_USB_Raspberry Pi Power Supply1
Change Component Designator: OldDesignator=J1_Raspberry Pi Power Supply2 NewDesignator=J_USB_Raspberry Pi Power Supply2
Change Component Designator: OldDesignator=J1_Raspberry Pi Power Supply3 NewDesignator=J_USB_Raspberry Pi Power Supply3
Change Component Designator: OldDesignator=J1_Raspberry Pi Power Supply4 NewDesignator=J_USB_Raspberry Pi Power Supply4
Change Component Designator: OldDesignator=J1_Raspberry Pi Power Supply5 NewDesignator=J_USB_Raspberry Pi Power Supply5
Change component parameters: Designator = "J2" ("J2"); Footprint = "1803523"; UniqueID = "\ZHMBGTPA" ("\ZHMBGTPA")
Change component parameters (AddParameter): Name = "Arrow Part Number"; Value = "1755794"; VariantName = "[No Variations]"
Change component parameters (AddParameter): Name = "Arrow Price/Stock"; Value = "https://www.arrow.com/en/products/1755794/phoenix-contact?utm_currency=USD&region=nac"; VariantName = "[No Variations]"
Change component parameters (AddParameter): Name = "Datasheet Link"; Value = "http://www.phoenixcontact.com/de/produkte/1755794/pdf"; VariantName = "[No Variations]"
Change component parameters (AddParameter): Name = "Height"; Value = "12.15mm"; VariantName = "[No Variations]"
Change component parameters (AddParameter): Name = "Manufacturer_Name"; Value = "Phoenix Contact"; VariantName = "[No Variations]"
Change component parameters (AddParameter): Name = "Manufacturer_Part_Number"; Value = "1755794"; VariantName = "[No Variations]"
Change component parameters (AddParameter): Name = "Mouser Part Number"; Value = "651-1755794"; VariantName = "[No Variations]"
Change component parameters (AddParameter): Name = "Mouser Price/Stock"; Value = "https://www.mouser.co.uk/ProductDetail/Phoenix-Contact/1755794?qs=wd%252Bw3mUqFrk%2FIOZ4HDo8lg%3D%3D"; VariantName = "[No Variations]"
Change component parameters: Designator = "J3" ("J3"); Footprint = "1803523"; UniqueID = "\UBGRDOUZ" ("\UBGRDOUZ")
Change component parameters (AddParameter): Name = "Arrow Part Number"; Value = "1755794"; VariantName = "[No Variations]"
Change component parameters (AddParameter): Name = "Arrow Price/Stock"; Value = "https://www.arrow.com/en/products/1755794/phoenix-contact?utm_currency=USD&region=nac"; VariantName = "[No Variations]"
Change component parameters (AddParameter): Name = "Datasheet Link"; Value = "http://www.phoenixcontact.com/de/produkte/1755794/pdf"; VariantName = "[No Variations]"
Change component parameters (AddParameter): Name = "Height"; Value = "12.15mm"; VariantName = "[No Variations]"
Change component parameters (AddParameter): Name = "Manufacturer_Name"; Value = "Phoenix Contact"; VariantName = "[No Variations]"
Change component parameters (AddParameter): Name = "Manufacturer_Part_Number"; Value = "1755794"; VariantName = "[No Variations]"
Change component parameters (AddParameter): Name = "Mouser Part Number"; Value = "651-1755794"; VariantName = "[No Variations]"
Change component parameters (AddParameter): Name = "Mouser Price/Stock"; Value = "https://www.mouser.co.uk/ProductDetail/Phoenix-Contact/1755794?qs=wd%252Bw3mUqFrk%2FIOZ4HDo8lg%3D%3D"; VariantName = "[No Variations]"
Change component parameters: Designator = "J4" ("J4"); Footprint = "1803523"; UniqueID = "\AKTQXDVM" ("\AKTQXDVM")
Change component parameters (AddParameter): Name = "Arrow Part Number"; Value = "1755794"; VariantName = "[No Variations]"
Change component parameters (AddParameter): Name = "Arrow Price/Stock"; Value = "https://www.arrow.com/en/products/1755794/phoenix-contact?utm_currency=USD&region=nac"; VariantName = "[No Variations]"
Change component parameters (AddParameter): Name = "Datasheet Link"; Value = "http://www.phoenixcontact.com/de/produkte/1755794/pdf"; VariantName = "[No Variations]"
Change component parameters (AddParameter): Name = "Height"; Value = "12.15mm"; VariantName = "[No Variations]"
Change component parameters (AddParameter): Name = "Manufacturer_Name"; Value = "Phoenix Contact"; VariantName = "[No Variations]"
Change component parameters (AddParameter): Name = "Manufacturer_Part_Number"; Value = "1755794"; VariantName = "[No Variations]"
Change component parameters (AddParameter): Name = "Mouser Part Number"; Value = "651-1755794"; VariantName = "[No Variations]"
Change component parameters (AddParameter): Name = "Mouser Price/Stock"; Value = "https://www.mouser.co.uk/ProductDetail/Phoenix-Contact/1755794?qs=wd%252Bw3mUqFrk%2FIOZ4HDo8lg%3D%3D"; VariantName = "[No Variations]"
Change component parameters: Designator = "J5" ("J5"); Footprint = "1803523"; UniqueID = "\MARDUZSI" ("\MARDUZSI")
Change component parameters (AddParameter): Name = "Arrow Part Number"; Value = "1755794"; VariantName = "[No Variations]"
Change component parameters (AddParameter): Name = "Arrow Price/Stock"; Value = "https://www.arrow.com/en/products/1755794/phoenix-contact?utm_currency=USD&region=nac"; VariantName = "[No Variations]"
Change component parameters (AddParameter): Name = "Datasheet Link"; Value = "http://www.phoenixcontact.com/de/produkte/1755794/pdf"; VariantName = "[No Variations]"
Change component parameters (AddParameter): Name = "Height"; Value = "12.15mm"; VariantName = "[No Variations]"
Change component parameters (AddParameter): Name = "Manufacturer_Name"; Value = "Phoenix Contact"; VariantName = "[No Variations]"
Change component parameters (AddParameter): Name = "Manufacturer_Part_Number"; Value = "1755794"; VariantName = "[No Variations]"
Change component parameters (AddParameter): Name = "Mouser Part Number"; Value = "651-1755794"; VariantName = "[No Variations]"
Change component parameters (AddParameter): Name = "Mouser Price/Stock"; Value = "https://www.mouser.co.uk/ProductDetail/Phoenix-Contact/1755794?qs=wd%252Bw3mUqFrk%2FIOZ4HDo8lg%3D%3D"; VariantName = "[No Variations]"
Change component parameters: Designator = "J6" ("J6"); Footprint = "1803523"; UniqueID = "\VKDKILNM" ("\VKDKILNM")
Change component parameters (AddParameter): Name = "Arrow Part Number"; Value = "1755794"; VariantName = "[No Variations]"
Change component parameters (AddParameter): Name = "Arrow Price/Stock"; Value = "https://www.arrow.com/en/products/1755794/phoenix-contact?utm_currency=USD&region=nac"; VariantName = "[No Variations]"
Change component parameters (AddParameter): Name = "Datasheet Link"; Value = "http://www.phoenixcontact.com/de/produkte/1755794/pdf"; VariantName = "[No Variations]"
Change component parameters (AddParameter): Name = "Height"; Value = "12.15mm"; VariantName = "[No Variations]"
Change component parameters (AddParameter): Name = "Manufacturer_Name"; Value = "Phoenix Contact"; VariantName = "[No Variations]"
Change component parameters (AddParameter): Name = "Manufacturer_Part_Number"; Value = "1755794"; VariantName = "[No Variations]"
Change component parameters (AddParameter): Name = "Mouser Part Number"; Value = "651-1755794"; VariantName = "[No Variations]"
Change component parameters (AddParameter): Name = "Mouser Price/Stock"; Value = "https://www.mouser.co.uk/ProductDetail/Phoenix-Contact/1755794?qs=wd%252Bw3mUqFrk%2FIOZ4HDo8lg%3D%3D"; VariantName = "[No Variations]"
Change component parameters: Designator = "J7" ("J7"); Footprint = "1803523"; UniqueID = "\JUJPVJWF" ("\JUJPVJWF")
Change component parameters (AddParameter): Name = "Arrow Part Number"; Value = "1755794"; VariantName = "[No Variations]"
Change component parameters (AddParameter): Name = "Arrow Price/Stock"; Value = "https://www.arrow.com/en/products/1755794/phoenix-contact?utm_currency=USD&region=nac"; VariantName = "[No Variations]"
Change component parameters (AddParameter): Name = "Datasheet Link"; Value = "http://www.phoenixcontact.com/de/produkte/1755794/pdf"; VariantName = "[No Variations]"
Change component parameters (AddParameter): Name = "Height"; Value = "12.15mm"; VariantName = "[No Variations]"
Change component parameters (AddParameter): Name = "Manufacturer_Name"; Value = "Phoenix Contact"; VariantName = "[No Variations]"
Change component parameters (AddParameter): Name = "Manufacturer_Part_Number"; Value = "1755794"; VariantName = "[No Variations]"
Change component parameters (AddParameter): Name = "Mouser Part Number"; Value = "651-1755794"; VariantName = "[No Variations]"
Change component parameters (AddParameter): Name = "Mouser Price/Stock"; Value = "https://www.mouser.co.uk/ProductDetail/Phoenix-Contact/1755794?qs=wd%252Bw3mUqFrk%2FIOZ4HDo8lg%3D%3D"; VariantName = "[No Variations]"
Change component parameters: Designator = "J8" ("J8"); Footprint = "1803523"; UniqueID = "\KYIEDNNZ" ("\KYIEDNNZ")
Change component parameters (AddParameter): Name = "Arrow Part Number"; Value = "1755794"; VariantName = "[No Variations]"
Change component parameters (AddParameter): Name = "Arrow Price/Stock"; Value = "https://www.arrow.com/en/products/1755794/phoenix-contact?utm_currency=USD&region=nac"; VariantName = "[No Variations]"
Change component parameters (AddParameter): Name = "Datasheet Link"; Value = "http://www.phoenixcontact.com/de/produkte/1755794/pdf"; VariantName = "[No Variations]"
Change component parameters (AddParameter): Name = "Height"; Value = "12.15mm"; VariantName = "[No Variations]"
Change component parameters (AddParameter): Name = "Manufacturer_Name"; Value = "Phoenix Contact"; VariantName = "[No Variations]"
Change component parameters (AddParameter): Name = "Manufacturer_Part_Number"; Value = "1755794"; VariantName = "[No Variations]"
Change component parameters (AddParameter): Name = "Mouser Part Number"; Value = "651-1755794"; VariantName = "[No Variations]"
Change component parameters (AddParameter): Name = "Mouser Price/Stock"; Value = "https://www.mouser.co.uk/ProductDetail/Phoenix-Contact/1755794?qs=wd%252Bw3mUqFrk%2FIOZ4HDo8lg%3D%3D"; VariantName = "[No Variations]"
Change component parameters: Designator = "J9" ("J9"); Footprint = "1803523"; UniqueID = "\GZETADVS" ("\GZETADVS")
Change component parameters (AddParameter): Name = "Arrow Part Number"; Value = "1755794"; VariantName = "[No Variations]"
Change component parameters (AddParameter): Name = "Arrow Price/Stock"; Value = "https://www.arrow.com/en/products/1755794/phoenix-contact?utm_currency=USD&region=nac"; VariantName = "[No Variations]"
Change component parameters (AddParameter): Name = "Datasheet Link"; Value = "http://www.phoenixcontact.com/de/produkte/1755794/pdf"; VariantName = "[No Variations]"
Change component parameters (AddParameter): Name = "Height"; Value = "12.15mm"; VariantName = "[No Variations]"
Change component parameters (AddParameter): Name = "Manufacturer_Name"; Value = "Phoenix Contact"; VariantName = "[No Variations]"
Change component parameters (AddParameter): Name = "Manufacturer_Part_Number"; Value = "1755794"; VariantName = "[No Variations]"
Change component parameters (AddParameter): Name = "Mouser Part Number"; Value = "651-1755794"; VariantName = "[No Variations]"
Change component parameters (AddParameter): Name = "Mouser Price/Stock"; Value = "https://www.mouser.co.uk/ProductDetail/Phoenix-Contact/1755794?qs=wd%252Bw3mUqFrk%2FIOZ4HDo8lg%3D%3D"; VariantName = "[No Variations]"
Added Component: Designator=J1(1755794)
Add component (AddParameter): Name = "Arrow Part Number"; Value = "1755794"; VariantName = "[No Variations]"
Add component (AddParameter): Name = "Arrow Price/Stock"; Value = "https://www.arrow.com/en/products/1755794/phoenix-contact?utm_currency=USD&region=nac"; VariantName = "[No Variations]"
Add component (AddParameter): Name = "Datasheet Link"; Value = "http://www.phoenixcontact.com/de/produkte/1755794/pdf"; VariantName = "[No Variations]"
Add component (AddParameter): Name = "Height"; Value = "12.15mm"; VariantName = "[No Variations]"
Add component (AddParameter): Name = "Manufacturer_Name"; Value = "Phoenix Contact"; VariantName = "[No Variations]"
Add component (AddParameter): Name = "Manufacturer_Part_Number"; Value = "1755794"; VariantName = "[No Variations]"
Add component (AddParameter): Name = "Mouser Part Number"; Value = "651-1755794"; VariantName = "[No Variations]"
Add component (AddParameter): Name = "Mouser Price/Stock"; Value = "https://www.mouser.co.uk/ProductDetail/Phoenix-Contact/1755794?qs=wd%252Bw3mUqFrk%2FIOZ4HDo8lg%3D%3D"; VariantName = "[No Variations]"
Added Component: Designator=J10(1755794)
Add component (AddParameter): Name = "Arrow Part Number"; Value = "1755794"; VariantName = "[No Variations]"
Add component (AddParameter): Name = "Arrow Price/Stock"; Value = "https://www.arrow.com/en/products/1755794/phoenix-contact?utm_currency=USD&region=nac"; VariantName = "[No Variations]"
Add component (AddParameter): Name = "Datasheet Link"; Value = "http://www.phoenixcontact.com/de/produkte/1755794/pdf"; VariantName = "[No Variations]"
Add component (AddParameter): Name = "Height"; Value = "12.15mm"; VariantName = "[No Variations]"
Add component (AddParameter): Name = "Manufacturer_Name"; Value = "Phoenix Contact"; VariantName = "[No Variations]"
Add component (AddParameter): Name = "Manufacturer_Part_Number"; Value = "1755794"; VariantName = "[No Variations]"
Add component (AddParameter): Name = "Mouser Part Number"; Value = "651-1755794"; VariantName = "[No Variations]"
Add component (AddParameter): Name = "Mouser Price/Stock"; Value = "https://www.mouser.co.uk/ProductDetail/Phoenix-Contact/1755794?qs=wd%252Bw3mUqFrk%2FIOZ4HDo8lg%3D%3D"; VariantName = "[No Variations]"
Added Component: Designator=J11(1755794)
Add component (AddParameter): Name = "Arrow Part Number"; Value = "1755794"; VariantName = "[No Variations]"
Add component (AddParameter): Name = "Arrow Price/Stock"; Value = "https://www.arrow.com/en/products/1755794/phoenix-contact?utm_currency=USD&region=nac"; VariantName = "[No Variations]"
Add component (AddParameter): Name = "Datasheet Link"; Value = "http://www.phoenixcontact.com/de/produkte/1755794/pdf"; VariantName = "[No Variations]"
Add component (AddParameter): Name = "Height"; Value = "12.15mm"; VariantName = "[No Variations]"
Add component (AddParameter): Name = "Manufacturer_Name"; Value = "Phoenix Contact"; VariantName = "[No Variations]"
Add component (AddParameter): Name = "Manufacturer_Part_Number"; Value = "1755794"; VariantName = "[No Variations]"
Add component (AddParameter): Name = "Mouser Part Number"; Value = "651-1755794"; VariantName = "[No Variations]"
Add component (AddParameter): Name = "Mouser Price/Stock"; Value = "https://www.mouser.co.uk/ProductDetail/Phoenix-Contact/1755794?qs=wd%252Bw3mUqFrk%2FIOZ4HDo8lg%3D%3D"; VariantName = "[No Variations]"
Added Component: Designator=J12(1755794)
Add component (AddParameter): Name = "Arrow Part Number"; Value = "1755794"; VariantName = "[No Variations]"
Add component (AddParameter): Name = "Arrow Price/Stock"; Value = "https://www.arrow.com/en/products/1755794/phoenix-contact?utm_currency=USD&region=nac"; VariantName = "[No Variations]"
Add component (AddParameter): Name = "Datasheet Link"; Value = "http://www.phoenixcontact.com/de/produkte/1755794/pdf"; VariantName = "[No Variations]"
Add component (AddParameter): Name = "Height"; Value = "12.15mm"; VariantName = "[No Variations]"
Add component (AddParameter): Name = "Manufacturer_Name"; Value = "Phoenix Contact"; VariantName = "[No Variations]"
Add component (AddParameter): Name = "Manufacturer_Part_Number"; Value = "1755794"; VariantName = "[No Variations]"
Add component (AddParameter): Name = "Mouser Part Number"; Value = "651-1755794"; VariantName = "[No Variations]"
Add component (AddParameter): Name = "Mouser Price/Stock"; Value = "https://www.mouser.co.uk/ProductDetail/Phoenix-Contact/1755794?qs=wd%252Bw3mUqFrk%2FIOZ4HDo8lg%3D%3D"; VariantName = "[No Variations]"
Added Component: Designator=J13_Raspberry Pi Power Supply1(1755794)
Add component (AddParameter): Name = "Arrow Part Number"; Value = "1755794"; VariantName = "[No Variations]"
Add component (AddParameter): Name = "Arrow Price/Stock"; Value = "https://www.arrow.com/en/products/1755794/phoenix-contact?utm_currency=USD&region=nac"; VariantName = "[No Variations]"
Add component (AddParameter): Name = "Datasheet Link"; Value = "http://www.phoenixcontact.com/de/produkte/1755794/pdf"; VariantName = "[No Variations]"
Add component (AddParameter): Name = "Height"; Value = "12.15mm"; VariantName = "[No Variations]"
Add component (AddParameter): Name = "Manufacturer_Name"; Value = "Phoenix Contact"; VariantName = "[No Variations]"
Add component (AddParameter): Name = "Manufacturer_Part_Number"; Value = "1755794"; VariantName = "[No Variations]"
Add component (AddParameter): Name = "Mouser Part Number"; Value = "651-1755794"; VariantName = "[No Variations]"
Add component (AddParameter): Name = "Mouser Price/Stock"; Value = "https://www.mouser.co.uk/ProductDetail/Phoenix-Contact/1755794?qs=wd%252Bw3mUqFrk%2FIOZ4HDo8lg%3D%3D"; VariantName = "[No Variations]"
Added Component: Designator=J13_Raspberry Pi Power Supply2(1755794)
Add component (AddParameter): Name = "Arrow Part Number"; Value = "1755794"; VariantName = "[No Variations]"
Add component (AddParameter): Name = "Arrow Price/Stock"; Value = "https://www.arrow.com/en/products/1755794/phoenix-contact?utm_currency=USD&region=nac"; VariantName = "[No Variations]"
Add component (AddParameter): Name = "Datasheet Link"; Value = "http://www.phoenixcontact.com/de/produkte/1755794/pdf"; VariantName = "[No Variations]"
Add component (AddParameter): Name = "Height"; Value = "12.15mm"; VariantName = "[No Variations]"
Add component (AddParameter): Name = "Manufacturer_Name"; Value = "Phoenix Contact"; VariantName = "[No Variations]"
Add component (AddParameter): Name = "Manufacturer_Part_Number"; Value = "1755794"; VariantName = "[No Variations]"
Add component (AddParameter): Name = "Mouser Part Number"; Value = "651-1755794"; VariantName = "[No Variations]"
Add component (AddParameter): Name = "Mouser Price/Stock"; Value = "https://www.mouser.co.uk/ProductDetail/Phoenix-Contact/1755794?qs=wd%252Bw3mUqFrk%2FIOZ4HDo8lg%3D%3D"; VariantName = "[No Variations]"
Added Component: Designator=J13_Raspberry Pi Power Supply3(1755794)
Add component (AddParameter): Name = "Arrow Part Number"; Value = "1755794"; VariantName = "[No Variations]"
Add component (AddParameter): Name = "Arrow Price/Stock"; Value = "https://www.arrow.com/en/products/1755794/phoenix-contact?utm_currency=USD&region=nac"; VariantName = "[No Variations]"
Add component (AddParameter): Name = "Datasheet Link"; Value = "http://www.phoenixcontact.com/de/produkte/1755794/pdf"; VariantName = "[No Variations]"
Add component (AddParameter): Name = "Height"; Value = "12.15mm"; VariantName = "[No Variations]"
Add component (AddParameter): Name = "Manufacturer_Name"; Value = "Phoenix Contact"; VariantName = "[No Variations]"
Add component (AddParameter): Name = "Manufacturer_Part_Number"; Value = "1755794"; VariantName = "[No Variations]"
Add component (AddParameter): Name = "Mouser Part Number"; Value = "651-1755794"; VariantName = "[No Variations]"
Add component (AddParameter): Name = "Mouser Price/Stock"; Value = "https://www.mouser.co.uk/ProductDetail/Phoenix-Contact/1755794?qs=wd%252Bw3mUqFrk%2FIOZ4HDo8lg%3D%3D"; VariantName = "[No Variations]"
Added Component: Designator=J13_Raspberry Pi Power Supply4(1755794)
Add component (AddParameter): Name = "Arrow Part Number"; Value = "1755794"; VariantName = "[No Variations]"
Add component (AddParameter): Name = "Arrow Price/Stock"; Value = "https://www.arrow.com/en/products/1755794/phoenix-contact?utm_currency=USD&region=nac"; VariantName = "[No Variations]"
Add component (AddParameter): Name = "Datasheet Link"; Value = "http://www.phoenixcontact.com/de/produkte/1755794/pdf"; VariantName = "[No Variations]"
Add component (AddParameter): Name = "Height"; Value = "12.15mm"; VariantName = "[No Variations]"
Add component (AddParameter): Name = "Manufacturer_Name"; Value = "Phoenix Contact"; VariantName = "[No Variations]"
Add component (AddParameter): Name = "Manufacturer_Part_Number"; Value = "1755794"; VariantName = "[No Variations]"
Add component (AddParameter): Name = "Mouser Part Number"; Value = "651-1755794"; VariantName = "[No Variations]"
Add component (AddParameter): Name = "Mouser Price/Stock"; Value = "https://www.mouser.co.uk/ProductDetail/Phoenix-Contact/1755794?qs=wd%252Bw3mUqFrk%2FIOZ4HDo8lg%3D%3D"; VariantName = "[No Variations]"
Added Component: Designator=J13_Raspberry Pi Power Supply5(1755794)
Add component (AddParameter): Name = "Arrow Part Number"; Value = "1755794"; VariantName = "[No Variations]"
Add component (AddParameter): Name = "Arrow Price/Stock"; Value = "https://www.arrow.com/en/products/1755794/phoenix-contact?utm_currency=USD&region=nac"; VariantName = "[No Variations]"
Add component (AddParameter): Name = "Datasheet Link"; Value = "http://www.phoenixcontact.com/de/produkte/1755794/pdf"; VariantName = "[No Variations]"
Add component (AddParameter): Name = "Height"; Value = "12.15mm"; VariantName = "[No Variations]"
Add component (AddParameter): Name = "Manufacturer_Name"; Value = "Phoenix Contact"; VariantName = "[No Variations]"
Add component (AddParameter): Name = "Manufacturer_Part_Number"; Value = "1755794"; VariantName = "[No Variations]"
Add component (AddParameter): Name = "Mouser Part Number"; Value = "651-1755794"; VariantName = "[No Variations]"
Add component (AddParameter): Name = "Mouser Price/Stock"; Value = "https://www.mouser.co.uk/ProductDetail/Phoenix-Contact/1755794?qs=wd%252Bw3mUqFrk%2FIOZ4HDo8lg%3D%3D"; VariantName = "[No Variations]"
Added Pin To Net: NetName=ADC_N2 Pin=J1-1
Added Pin To Net: NetName=ADC_P2 Pin=J1-2
Added Pin To Net: NetName=LOADCELL_N1 Pin=J1-3
Added Pin To Net: NetName=ADC_P2 Pin=J1-4
Added Pin To Net: NetName=ADC_N1 Pin=J1-5
Added Pin To Net: NetName=ADC_P1 Pin=J1-6
Added Pin To Net: NetName=LOADCELL_N1 Pin=J1-7
Added Pin To Net: NetName=ADC_P1 Pin=J1-8
Added Pin To Net: NetName=ADC_N4 Pin=J2-1
Added Pin To Net: NetName=ADC_P4 Pin=J2-2
Added Pin To Net: NetName=ADC_P4 Pin=J2-4
Added Pin To Net: NetName=ADC_N3 Pin=J2-5
Added Pin To Net: NetName=ADC_P3 Pin=J2-6
Added Pin To Net: NetName=ADC_P3 Pin=J2-8
Added Pin To Net: NetName=ADC_N8 Pin=J4-1
Added Pin To Net: NetName=ADC_P8 Pin=J4-2
Added Pin To Net: NetName=ADC_P8 Pin=J4-4
Added Pin To Net: NetName=ADC_N7 Pin=J4-5
Added Pin To Net: NetName=ADC_P7 Pin=J4-6
Added Pin To Net: NetName=ADC_P7 Pin=J4-8
Added Pin To Net: NetName=ADC_N10 Pin=J5-1
Added Pin To Net: NetName=ADC_P10 Pin=J5-2
Added Pin To Net: NetName=ADC_P10 Pin=J5-4
Added Pin To Net: NetName=ADC_N9 Pin=J5-5
Added Pin To Net: NetName=ADC_P9 Pin=J5-6
Added Pin To Net: NetName=ADC_P9 Pin=J5-8
Added Pin To Net: NetName=ADC_N12 Pin=J6-1
Added Pin To Net: NetName=ADC_P12 Pin=J6-2
Added Pin To Net: NetName=ADC_P12 Pin=J6-4
Added Pin To Net: NetName=ADC_N11 Pin=J6-5
Added Pin To Net: NetName=ADC_P11 Pin=J6-6
Added Pin To Net: NetName=ADC_P11 Pin=J6-8
Added Pin To Net: NetName=ADC_N14 Pin=J7-1
Added Pin To Net: NetName=ADC_P14 Pin=J7-2
Added Pin To Net: NetName=ADC_P14 Pin=J7-4
Added Pin To Net: NetName=ADC_N13 Pin=J7-5
Added Pin To Net: NetName=ADC_P13 Pin=J7-6
Added Pin To Net: NetName=ADC_P13 Pin=J7-8
Added Pin To Net: NetName=ADC_N16 Pin=J8-1
Added Pin To Net: NetName=ADC_P16 Pin=J8-2
Added Pin To Net: NetName=ADC_P16 Pin=J8-4
Added Pin To Net: NetName=ADC_N15 Pin=J8-5
Added Pin To Net: NetName=ADC_P15 Pin=J8-6
Added Pin To Net: NetName=ADC_P15 Pin=J8-8
Added Pin To Net: NetName=ADC_N18 Pin=J9-1
Added Pin To Net: NetName=ADC_P18 Pin=J9-2
Added Pin To Net: NetName=ADC_P18 Pin=J9-4
Added Pin To Net: NetName=ADC_N17 Pin=J9-5
Added Pin To Net: NetName=ADC_P17 Pin=J9-6
Added Pin To Net: NetName=ADC_P17 Pin=J9-8
Added Pin To Net: NetName=ADC_N20 Pin=J10-1
Added Pin To Net: NetName=ADC_P20 Pin=J10-2
Added Pin To Net: NetName=LOADCELL_N1 Pin=J10-3
Added Pin To Net: NetName=ADC_P20 Pin=J10-4
Added Pin To Net: NetName=ADC_N19 Pin=J10-5
Added Pin To Net: NetName=ADC_P19 Pin=J10-6
Added Pin To Net: NetName=LOADCELL_N1 Pin=J10-7
Added Pin To Net: NetName=ADC_P19 Pin=J10-8
Added Pin To Net: NetName=ADC_N22 Pin=J11-1
Added Pin To Net: NetName=ADC_P22 Pin=J11-2
Added Pin To Net: NetName=LOADCELL_N1 Pin=J11-3
Added Pin To Net: NetName=ADC_P22 Pin=J11-4
Added Pin To Net: NetName=ADC_N21 Pin=J11-5
Added Pin To Net: NetName=ADC_P21 Pin=J11-6
Added Pin To Net: NetName=LOADCELL_N1 Pin=J11-7
Added Pin To Net: NetName=ADC_P21 Pin=J11-8
Added Pin To Net: NetName=ADC_N24 Pin=J12-1
Added Pin To Net: NetName=ADC_P24 Pin=J12-2
Added Pin To Net: NetName=LOADCELL_N1 Pin=J12-3
Added Pin To Net: NetName=ADC_P24 Pin=J12-4
Added Pin To Net: NetName=ADC_N23 Pin=J12-5
Added Pin To Net: NetName=ADC_P23 Pin=J12-6
Added Pin To Net: NetName=LOADCELL_N1 Pin=J12-7
Added Pin To Net: NetName=ADC_P23 Pin=J12-8
Added Member To Class: ClassName=main Member=Component J1 1755794
Added Member To Class: ClassName=main Member=Component J10 1755794
Added Member To Class: ClassName=main Member=Component J11 1755794
Added Member To Class: ClassName=main Member=Component J12 1755794
Added Member To Class: ClassName=Raspberry Pi Power Supply1 Member=Component J13_Raspberry Pi Power Supply1 (J13) 1755794
Added Member To Class: ClassName=Raspberry Pi Power Supply2 Member=Component J13_Raspberry Pi Power Supply2 (J13) 1755794
Added Member To Class: ClassName=Raspberry Pi Power Supply3 Member=Component J13_Raspberry Pi Power Supply3 (J13) 1755794
Added Member To Class: ClassName=Raspberry Pi Power Supply4 Member=Component J13_Raspberry Pi Power Supply4 (J13) 1755794
Added Member To Class: ClassName=Raspberry Pi Power Supply5 Member=Component J13_Raspberry Pi Power Supply5 (J13) 1755794
